android/java/dataLogger/app/build/outputs/logs/manifest-merger-debug-report.txt
-- Merging decision tree log ---
manifest
ADDED from AndroidManifest.xml:2:1
	xmlns:android
		ADDED from AndroidManifest.xml:2:11
	package
		ADDED from AndroidManifest.xml:3:3
		INJECTED from AndroidManifest.xml:0:0
		INJECTED from AndroidManifest.xml:0:0
	android:versionName
		ADDED from AndroidManifest.xml:3:57
	android:versionCode
		ADDED from AndroidManifest.xml:3:33
		INJECTED from AndroidManifest.xml:0:0
		INJECTED from AndroidManifest.xml:0:0
uses-sdk
ADDED from AndroidManifest.xml:5:3
	android:targetSdkVersion
		INJECTED from AndroidManifest.xml:0:0
		INJECTED from AndroidManifest.xml:0:0
	android:minSdkVersion
		ADDED from AndroidManifest.xml:5:13
		INJECTED from AndroidManifest.xml:0:0
		INJECTED from AndroidManifest.xml:0:0
uses-permission#android.permission.CAMERA
ADDED from AndroidManifest.xml:7:3
	android:name
		ADDED from AndroidManifest.xml:7:20
uses-permission#android.permission.RECORD_AUDIO
ADDED from AndroidManifest.xml:8:3
	android:name
		ADDED from AndroidManifest.xml:8:20
uses-permission#android.permission.WRITE_EXTERNAL_STORAGE
ADDED from AndroidManifest.xml:9:3
	android:name
		ADDED from AndroidManifest.xml:9:20
uses-permission#android.permission.ACCESS_FINE_LOCATION
ADDED from AndroidManifest.xml:10:3
	android:name
		ADDED from AndroidManifest.xml:10:20
application
ADDED from AndroidManifest.xml:12:3
	android:label
		ADDED from AndroidManifest.xml:13:58
	android:debuggable
		ADDED from AndroidManifest.xml:14:5
	android:icon
		ADDED from AndroidManifest.xml:12:16
	android:name
		ADDED from AndroidManifest.xml:13:5
activity#com.cellbots.logger.LauncherActivity
ADDED from AndroidManifest.xml:16:5
	android:windowSoftInputMode
		ADDED from AndroidManifest.xml:19:7
	android:screenOrientation
		ADDED from AndroidManifest.xml:17:38
	android:label
		ADDED from AndroidManifest.xml:16:48
	android:theme
		ADDED from AndroidManifest.xml:18:7
	android:name
		ADDED from AndroidManifest.xml:16:15
	android:launchMode
		ADDED from AndroidManifest.xml:17:7
intent-filter#android.intent.action.MAIN+android.intent.category.LAUNCHER
ADDED from AndroidManifest.xml:20:7
action#android.intent.action.MAIN
ADDED from AndroidManifest.xml:21:9
	android:name
		ADDED from AndroidManifest.xml:21:17
category#android.intent.category.LAUNCHER
ADDED from AndroidManifest.xml:22:9
	android:name
		ADDED from AndroidManifest.xml:22:19
activity#com.cellbots.logger.LoggerActivity
ADDED from AndroidManifest.xml:26:5
	android:screenOrientation
		ADDED from AndroidManifest.xml:27:38
	android:label
		ADDED from AndroidManifest.xml:26:46
	android:theme
		ADDED from AndroidManifest.xml:28:7
	android:name
		ADDED from AndroidManifest.xml:26:15
	android:launchMode
		ADDED from AndroidManifest.xml:27:7